Arguments: 
  /home/kjasker/.nvm/versions/node/v19.2.0/bin/node /home/kjasker/.npm/bin/yarn install

PATH: 
  /home/linuxbrew/.linuxbrew/bin:/home/linuxbrew/.linuxbrew/sbin:/home/kjasker/.nvm/versions/node/v19.2.0/bin:./node_modules/.bin:/home/kjasker/.npm/bin:/usr/local/sbin:/usr/local/bin:/usr/sbin:/usr/bin:/sbin:/bin:/usr/games:/usr/local/games:/usr/lib/wsl/lib:/mnt/c/Program Files (x86)/Common Files/Oracle/Java/javapath:/mnt/c/Program Files/Oculus/Support/oculus-runtime:/mnt/c/Windows/system32:/mnt/c/Windows:/mnt/c/Windows/System32/Wbem:/mnt/c/Windows/System32/WindowsPowerShell/v1.0/:/mnt/c/Windows/System32/OpenSSH/:/mnt/c/Program Files/Git/cmd:/mnt/c/Program Files/NVIDIA Corporation/NVIDIA NvDLISR:/mnt/c/Program Files (x86)/NVIDIA Corporation/PhysX/Common:/mnt/c/ProgramData/chocolatey/bin:/mnt/c/Program Files/dotnet/:/mnt/c/Program Files/nodejs/:/mnt/c/tools/gsudo/Current:/mnt/c/Program Files/DDEV:/mnt/c/Program Files/PuTTY/:/Docker/host/bin:/mnt/c/Program Files/WireGuard/:/mnt/c/Program Files/PowerShell/7/:/mnt/c/WINDOWS/system32:/mnt/c/WINDOWS:/mnt/c/WINDOWS/System32/Wbem:/mnt/c/WINDOWS/System32/WindowsPowerShell/v1.0/:/mnt/c/WINDOWS/System32/OpenSSH/:/mnt/c/Users/jaske/AppData/Local/Microsoft/WindowsApps:/mnt/c/Program Files/JetBrains/PhpStorm 2022.3.2/bin:/mnt/c/Users/jaske/AppData/Local/Programs/Microsoft VS Code/bin:/snap/bin

Yarn version: 
  1.22.17

Node version: 
  19.2.0

Platform: 
  linux x64

Trace: 
  Error: https://registry.yarnpkg.com/vite-plugin-compress: ETIMEDOUT
      at Timeout._onTimeout (/home/kjasker/.npm/lib/node_modules/yarn/lib/cli.js:141543:19)
      at listOnTimeout (node:internal/timers:564:17)
      at process.processTimers (node:internal/timers:507:7)

npm manifest: 
  {
    "name": "atomic-slider",
    "version": "0.0.0",
    "main": "dist/atomic-slider.es.js",
    "exports": {
      ".": "./dist/atomic-slider.es.js"
    },
    "types": "types/atomic-slider.d.js",
    "files": [
      "dist",
      "types"
    ],
    "scripts": {
      "start": "npm run dev",
      "dev": "vite",
      "build": "vite build",
      "serve": "vite preview"
    },
    "dependencies": {
      "vite-plugin-compress": "^2.1.0",
      "vite-plugin-css-injected-by-js": "^1.1.0"
    },
    "devDependencies": {
      "@types/node": "^14.14.37",
      "vite": "^2.1.3",
      "vite-plugin-compression": "^0.5.1"
    }
  }

yarn manifest: 
  No manifest

Lockfile: 
  No lockfile
